<?xml version="1.0" encoding="UTF-8"?>
<!-- Generated by org.testng.reporters.JUnitXMLReporter -->
<testsuite hostname="DESKTOP-IMBF9OD" ignored="1" name="Default test" tests="4" failures="0" timestamp="04 Jun 2017 15:19:41 GMT" time="0.044" errors="0">
  <testcase name="loginTest" time="0.01" classname="Testclass.annotations"/>
  <testcase name="changepassword" time="0.002" classname="Testclass.annotations"/>
  <testcase name="logoutTest" time="0.001" classname="Testclass.annotations"/>
  <testcase name="skiptest" time="0.002" classname="Testclass.annotations">
    <skipped/>
  </testcase> <!-- skiptest -->
  <testcase name="disableTest" time="0.0" classname="Testclass.annotations">
    <ignored/>
  </testcase> <!-- disableTest -->
</testsuite> <!-- Default test -->
