<?xml version="1.0" encoding="UTF-8"?>
<!-- Generated by org.testng.reporters.JUnitXMLReporter -->
<testsuite hostname="DESKTOP-IMBF9OD" name="Test" tests="4" failures="0" timestamp="23 Jul 2017 16:50:05 GMT" time="0.014" errors="0">
  <testcase name="loginTest" time="0.001" classname="Testclass.AnnotationTest"/>
  <testcase name="changepassword" time="0.0" classname="Testclass.AnnotationTest"/>
  <testcase name="logoutTest" time="0.0" classname="Testclass.AnnotationTest"/>
  <testcase name="skiptest" time="0.0" classname="Testclass.AnnotationTest"/>
</testsuite> <!-- Test -->
