<?xml version="1.0" encoding="UTF-8"?>
<testng-results skipped="0" failed="0" ignored="1" total="5" passed="4">
  <reporter-output>
  </reporter-output>
  <suite name="Default suite" duration-ms="44" started-at="2017-06-04T16:12:32Z" finished-at="2017-06-04T16:12:32Z">
    <groups>
    </groups>
    <test name="Default test" duration-ms="44" started-at="2017-06-04T16:12:32Z" finished-at="2017-06-04T16:12:32Z">
      <class name="Testclass.AnnotationTest">
        <test-method status="PASS" signature="beforesuite()[pri:0, instance:Testclass.AnnotationTest@59f99ea]" name="beforesuite" is-config="true" duration-ms="9" started-at="2017-06-04T12:12:32Z" finished-at="2017-06-04T12:12:32Z">
          <reporter-output>
          </reporter-output>
        </test-method> <!-- beforesuite -->
        <test-method status="PASS" signature="beforeTest()[pri:0, instance:Testclass.AnnotationTest@59f99ea]" name="beforeTest" is-config="true" duration-ms="0" started-at="2017-06-04T12:12:32Z" finished-at="2017-06-04T12:12:32Z">
          <reporter-output>
          </reporter-output>
        </test-method> <!-- beforeTest -->
        <test-method status="PASS" signature="loginTest()[pri:1, instance:Testclass.AnnotationTest@59f99ea]" name="loginTest" duration-ms="7" started-at="2017-06-04T12:12:32Z" finished-at="2017-06-04T12:12:32Z">
          <reporter-output>
          </reporter-output>
        </test-method> <!-- loginTest -->
        <test-method status="PASS" signature="beforeMethod()[pri:0, instance:Testclass.AnnotationTest@59f99ea]" name="beforeMethod" is-config="true" duration-ms="0" started-at="2017-06-04T12:12:32Z" finished-at="2017-06-04T12:12:32Z">
          <reporter-output>
          </reporter-output>
        </test-method> <!-- beforeMethod -->
        <test-method status="PASS" signature="beforeMethod()[pri:0, instance:Testclass.AnnotationTest@59f99ea]" name="beforeMethod" is-config="true" duration-ms="1" started-at="2017-06-04T12:12:32Z" finished-at="2017-06-04T12:12:32Z">
          <reporter-output>
          </reporter-output>
        </test-method> <!-- beforeMethod -->
        <test-method status="PASS" signature="changepassword()[pri:2, instance:Testclass.AnnotationTest@59f99ea]" name="changepassword" duration-ms="2" started-at="2017-06-04T12:12:32Z" finished-at="2017-06-04T12:12:32Z">
          <reporter-output>
          </reporter-output>
        </test-method> <!-- changepassword -->
        <test-method status="PASS" signature="logoutTest()[pri:3, instance:Testclass.AnnotationTest@59f99ea]" name="logoutTest" duration-ms="2" started-at="2017-06-04T12:12:32Z" finished-at="2017-06-04T12:12:32Z">
          <reporter-output>
          </reporter-output>
        </test-method> <!-- logoutTest -->
        <test-method status="PASS" signature="beforeMethod()[pri:0, instance:Testclass.AnnotationTest@59f99ea]" name="beforeMethod" is-config="true" duration-ms="0" started-at="2017-06-04T12:12:32Z" finished-at="2017-06-04T12:12:32Z">
          <reporter-output>
          </reporter-output>
        </test-method> <!-- beforeMethod -->
        <test-method status="PASS" signature="beforeMethod()[pri:0, instance:Testclass.AnnotationTest@59f99ea]" name="beforeMethod" is-config="true" duration-ms="0" started-at="2017-06-04T12:12:32Z" finished-at="2017-06-04T12:12:32Z">
          <reporter-output>
          </reporter-output>
        </test-method> <!-- beforeMethod -->
        <test-method status="PASS" signature="skiptest()[pri:4, instance:Testclass.AnnotationTest@59f99ea]" name="skiptest" duration-ms="1" started-at="2017-06-04T12:12:32Z" finished-at="2017-06-04T12:12:32Z">
          <reporter-output>
          </reporter-output>
        </test-method> <!-- skiptest -->
        <test-method status="PASS" signature="afterTest()[pri:0, instance:Testclass.AnnotationTest@59f99ea]" name="afterTest" is-config="true" duration-ms="1" started-at="2017-06-04T12:12:32Z" finished-at="2017-06-04T12:12:32Z">
          <reporter-output>
          </reporter-output>
        </test-method> <!-- afterTest -->
      </class> <!-- Testclass.AnnotationTest -->
    </test> <!-- Default test -->
  </suite> <!-- Default suite -->
</testng-results>
