<?xml version="1.0" encoding="UTF-8"?>
<testng-results skipped="0" failed="0" total="4" passed="4">
  <reporter-output>
  </reporter-output>
  <suite name="Suite" duration-ms="14" started-at="2017-07-23T16:50:05Z" finished-at="2017-07-23T16:50:05Z">
    <groups>
    </groups>
    <test name="Test" duration-ms="14" started-at="2017-07-23T16:50:05Z" finished-at="2017-07-23T16:50:05Z">
      <class name="Testclass.AnnotationTest">
        <test-method status="PASS" signature="beforesuite()[pri:0, instance:Testclass.AnnotationTest@ea4a92b]" name="beforesuite" is-config="true" duration-ms="11" started-at="2017-07-23T12:50:05Z" finished-at="2017-07-23T12:50:05Z">
          <reporter-output>
          </reporter-output>
        </test-method> <!-- beforesuite -->
        <test-method status="PASS" signature="beforeTest()[pri:0, instance:Testclass.AnnotationTest@ea4a92b]" name="beforeTest" is-config="true" duration-ms="0" started-at="2017-07-23T12:50:05Z" finished-at="2017-07-23T12:50:05Z">
          <reporter-output>
          </reporter-output>
        </test-method> <!-- beforeTest -->
        <test-method status="PASS" signature="loginTest()[pri:1, instance:Testclass.AnnotationTest@ea4a92b]" name="loginTest" duration-ms="1" started-at="2017-07-23T12:50:05Z" finished-at="2017-07-23T12:50:05Z">
          <reporter-output>
          </reporter-output>
        </test-method> <!-- loginTest -->
        <test-method status="PASS" signature="beforeMethod()[pri:0, instance:Testclass.AnnotationTest@ea4a92b]" name="beforeMethod" is-config="true" duration-ms="0" started-at="2017-07-23T12:50:05Z" finished-at="2017-07-23T12:50:05Z">
          <reporter-output>
          </reporter-output>
        </test-method> <!-- beforeMethod -->
        <test-method status="PASS" signature="beforeMethod()[pri:0, instance:Testclass.AnnotationTest@ea4a92b]" name="beforeMethod" is-config="true" duration-ms="1" started-at="2017-07-23T12:50:05Z" finished-at="2017-07-23T12:50:05Z">
          <reporter-output>
          </reporter-output>
        </test-method> <!-- beforeMethod -->
        <test-method status="PASS" signature="logoutTest()[pri:3, instance:Testclass.AnnotationTest@ea4a92b]" name="logoutTest" duration-ms="0" started-at="2017-07-23T12:50:05Z" finished-at="2017-07-23T12:50:05Z">
          <reporter-output>
          </reporter-output>
        </test-method> <!-- logoutTest -->
        <test-method status="PASS" signature="changepassword()[pri:2, instance:Testclass.AnnotationTest@ea4a92b]" name="changepassword" duration-ms="0" started-at="2017-07-23T12:50:05Z" finished-at="2017-07-23T12:50:05Z">
          <reporter-output>
          </reporter-output>
        </test-method> <!-- changepassword -->
        <test-method status="PASS" signature="beforeMethod()[pri:0, instance:Testclass.AnnotationTest@ea4a92b]" name="beforeMethod" is-config="true" duration-ms="0" started-at="2017-07-23T12:50:05Z" finished-at="2017-07-23T12:50:05Z">
          <reporter-output>
          </reporter-output>
        </test-method> <!-- beforeMethod -->
        <test-method status="PASS" signature="skiptest()[pri:4, instance:Testclass.AnnotationTest@ea4a92b]" name="skiptest" duration-ms="0" started-at="2017-07-23T12:50:05Z" finished-at="2017-07-23T12:50:05Z">
          <reporter-output>
          </reporter-output>
        </test-method> <!-- skiptest -->
        <test-method status="PASS" signature="beforeMethod()[pri:0, instance:Testclass.AnnotationTest@ea4a92b]" name="beforeMethod" is-config="true" duration-ms="0" started-at="2017-07-23T12:50:05Z" finished-at="2017-07-23T12:50:05Z">
          <reporter-output>
          </reporter-output>
        </test-method> <!-- beforeMethod -->
        <test-method status="PASS" signature="afterTest()[pri:0, instance:Testclass.AnnotationTest@ea4a92b]" name="afterTest" is-config="true" duration-ms="0" started-at="2017-07-23T12:50:05Z" finished-at="2017-07-23T12:50:05Z">
          <reporter-output>
          </reporter-output>
        </test-method> <!-- afterTest -->
      </class> <!-- Testclass.AnnotationTest -->
    </test> <!-- Test -->
  </suite> <!-- Suite -->
</testng-results>
